Filebench Version 1.5-alpha3
0.000: Allocated 173MB of shared memory
0.003: Web-server Version 3.1 personality successfully loaded
0.003: Populating and pre-allocating filesets
0.004: logfiles populated: 1 files, avg. dir. width = 20, avg. dir. depth = 0.0, 0 leafdirs, 0.001MB total size
0.004: Removing logfiles tree (if exists)
0.006: Pre-allocating directories in logfiles tree
0.006: Pre-allocating files in logfiles tree
0.008: bigfileset populated: 1000 files, avg. dir. width = 20, avg. dir. depth = 2.3, 0 leafdirs, 7.380MB total size
0.008: Removing bigfileset tree (if exists)
0.009: Pre-allocating directories in bigfileset tree
0.011: Pre-allocating files in bigfileset tree
0.061: Waiting for pre-allocation to finish (in case of a parallel pre-allocation)
0.061: Population and pre-allocation of filesets completed
0.074: Starting 1 filereader instances
1.201: Running...
61.317: Run took 60 seconds...
61.345: Per-Operation Breakdown
appendlog            19421ops      323ops/s   2.5mb/s     18.0ms/op [0.00ms - 18197.60ms]
closefile10          19420ops      323ops/s   0.0mb/s      0.0ms/op [0.00ms -  1.71ms]
readfile10           19420ops      323ops/s   2.3mb/s      0.0ms/op [0.00ms - 24.03ms]
openfile10           19420ops      323ops/s   0.0mb/s      0.0ms/op [0.00ms -  3.43ms]
closefile9           19420ops      323ops/s   0.0mb/s      0.0ms/op [0.00ms -  0.86ms]
readfile9            19420ops      323ops/s   2.3mb/s      0.0ms/op [0.00ms - 25.36ms]
openfile9            19420ops      323ops/s   0.0mb/s      0.0ms/op [0.00ms -  2.04ms]
closefile8           19420ops      323ops/s   0.0mb/s      0.0ms/op [0.00ms -  1.68ms]
readfile8            19420ops      323ops/s   2.4mb/s      0.0ms/op [0.00ms - 53.29ms]
openfile8            19420ops      323ops/s   0.0mb/s      0.0ms/op [0.00ms - 10.99ms]
closefile7           19420ops      323ops/s   0.0mb/s      0.0ms/op [0.00ms -  1.56ms]
readfile7            19420ops      323ops/s   2.5mb/s      0.0ms/op [0.00ms - 19.51ms]
openfile7            19420ops      323ops/s   0.0mb/s      0.0ms/op [0.00ms -  2.67ms]
closefile6           19420ops      323ops/s   0.0mb/s      0.0ms/op [0.00ms -  3.10ms]
readfile6            19420ops      323ops/s   2.5mb/s      0.0ms/op [0.00ms - 21.55ms]
openfile6            19420ops      323ops/s   0.0mb/s      0.0ms/op [0.00ms -  4.01ms]
closefile5           19420ops      323ops/s   0.0mb/s      0.0ms/op [0.00ms -  0.93ms]
readfile5            19421ops      323ops/s   2.2mb/s      0.1ms/op [0.00ms - 811.66ms]
openfile5            19421ops      323ops/s   0.0mb/s      0.0ms/op [0.00ms - 13.94ms]
closefile4           19421ops      323ops/s   0.0mb/s      0.0ms/op [0.00ms -  2.77ms]
readfile4            19421ops      323ops/s   2.3mb/s      0.0ms/op [0.00ms - 58.81ms]
openfile4            19421ops      323ops/s   0.0mb/s      0.0ms/op [0.00ms -  2.65ms]
closefile3           19421ops      323ops/s   0.0mb/s      0.0ms/op [0.00ms - 14.93ms]
readfile3            19421ops      323ops/s   2.7mb/s      0.0ms/op [0.00ms - 58.88ms]
openfile3            19421ops      323ops/s   0.0mb/s      0.0ms/op [0.00ms -  4.79ms]
closefile2           19421ops      323ops/s   0.0mb/s      0.0ms/op [0.00ms -  0.75ms]
readfile2            19421ops      323ops/s   2.4mb/s      0.1ms/op [0.00ms - 929.93ms]
openfile2            19421ops      323ops/s   0.0mb/s      0.0ms/op [0.00ms -  2.54ms]
closefile1           19421ops      323ops/s   0.0mb/s      0.0ms/op [0.00ms - 16.59ms]
readfile1            19421ops      323ops/s   2.3mb/s      0.1ms/op [0.00ms - 1238.10ms]
openfile1            19421ops      323ops/s   0.0mb/s      0.0ms/op [0.01ms - 148.42ms]
61.345: IO Summary: 602035 ops 10013.156 ops/s 3230/323 rd/wr  26.3mb/s   1.7ms/op
61.345: Shutting down processes
