Filebench Version 1.5-alpha3
0.000: Allocated 173MB of shared memory
0.010: Web-server Version 3.1 personality successfully loaded
0.010: Populating and pre-allocating filesets
0.011: logfiles populated: 1 files, avg. dir. width = 20, avg. dir. depth = 0.0, 0 leafdirs, 0.001MB total size
0.011: Removing logfiles tree (if exists)
0.014: Pre-allocating directories in logfiles tree
0.014: Pre-allocating files in logfiles tree
0.016: bigfileset populated: 1000 files, avg. dir. width = 20, avg. dir. depth = 2.3, 0 leafdirs, 7.380MB total size
0.016: Removing bigfileset tree (if exists)
0.019: Pre-allocating directories in bigfileset tree
0.021: Pre-allocating files in bigfileset tree
0.078: Waiting for pre-allocation to finish (in case of a parallel pre-allocation)
0.078: Population and pre-allocation of filesets completed
0.105: Starting 1 filereader instances
1.213: Running...
61.244: Run took 60 seconds...
61.634: Per-Operation Breakdown
appendlog            20098ops      335ops/s   2.6mb/s     16.1ms/op [0.00ms - 15053.88ms]
closefile10          20098ops      335ops/s   0.0mb/s      0.0ms/op [0.00ms -  0.89ms]
readfile10           20098ops      335ops/s   2.4mb/s      0.1ms/op [0.00ms - 74.80ms]
openfile10           20098ops      335ops/s   0.0mb/s      0.0ms/op [0.00ms -  1.94ms]
closefile9           20098ops      335ops/s   0.0mb/s      0.0ms/op [0.00ms -  1.23ms]
readfile9            20098ops      335ops/s   2.4mb/s      0.1ms/op [0.00ms - 97.49ms]
openfile9            20098ops      335ops/s   0.0mb/s      0.0ms/op [0.00ms -  6.59ms]
closefile8           20098ops      335ops/s   0.0mb/s      0.0ms/op [0.00ms - 16.77ms]
readfile8            20098ops      335ops/s   2.5mb/s      0.0ms/op [0.00ms - 37.31ms]
openfile8            20098ops      335ops/s   0.0mb/s      0.0ms/op [0.00ms -  2.47ms]
closefile7           20098ops      335ops/s   0.0mb/s      0.0ms/op [0.00ms -  0.82ms]
readfile7            20098ops      335ops/s   2.6mb/s      0.0ms/op [0.00ms - 57.37ms]
openfile7            20098ops      335ops/s   0.0mb/s      0.0ms/op [0.00ms -  2.47ms]
closefile6           20098ops      335ops/s   0.0mb/s      0.0ms/op [0.00ms -  0.61ms]
readfile6            20098ops      335ops/s   2.5mb/s      0.1ms/op [0.00ms - 62.17ms]
openfile6            20098ops      335ops/s   0.0mb/s      0.0ms/op [0.00ms -  4.72ms]
closefile5           20098ops      335ops/s   0.0mb/s      0.0ms/op [0.00ms -  3.29ms]
readfile5            20098ops      335ops/s   2.2mb/s      0.0ms/op [0.00ms - 30.56ms]
openfile5            20098ops      335ops/s   0.0mb/s      0.0ms/op [0.00ms -  5.84ms]
closefile4           20098ops      335ops/s   0.0mb/s      0.0ms/op [0.00ms -  2.45ms]
readfile4            20098ops      335ops/s   2.4mb/s      0.0ms/op [0.00ms - 46.44ms]
openfile4            20098ops      335ops/s   0.0mb/s      0.0ms/op [0.00ms -  2.07ms]
closefile3           20098ops      335ops/s   0.0mb/s      0.0ms/op [0.00ms -  0.92ms]
readfile3            20098ops      335ops/s   2.8mb/s      0.1ms/op [0.00ms - 52.46ms]
openfile3            20098ops      335ops/s   0.0mb/s      0.0ms/op [0.00ms -  9.28ms]
closefile2           20098ops      335ops/s   0.0mb/s      0.0ms/op [0.00ms -  0.85ms]
readfile2            20098ops      335ops/s   2.4mb/s      0.0ms/op [0.00ms - 64.99ms]
openfile2            20098ops      335ops/s   0.0mb/s      0.0ms/op [0.00ms - 12.94ms]
closefile1           20098ops      335ops/s   0.0mb/s      0.0ms/op [0.00ms -  1.51ms]
readfile1            20098ops      335ops/s   2.4mb/s      0.0ms/op [0.00ms - 51.85ms]
openfile1            20098ops      335ops/s   0.0mb/s      0.0ms/op [0.01ms - 104.00ms]
61.634: IO Summary: 623038 ops 10377.709 ops/s 3348/335 rd/wr  27.3mb/s   1.5ms/op
61.634: Shutting down processes
