This is pdfTeX, Version 3.1415926-2.5-1.40.14 (TeX Live 2013/Debian) (format=pdflatex 2015.8.5)  29 JUN 2017 02:31
entering extended mode
 \write18 enabled.
 %&-line parsing enabled.
**mtp_report.tex
(./mtp_report.tex
LaTeX2e <2011/06/27>
Babel <3.9h> and hyphenation patterns for 2 languages loaded.
(/usr/share/texlive/texmf-dist/tex/latex/base/report.cls
Document Class: report 2007/10/19 v1.4h Standard LaTeX document class
(/usr/share/texlive/texmf-dist/tex/latex/base/size11.clo
File: size11.clo 2007/10/19 v1.4h Standard LaTeX file (size option)
)
\c@part=\count79
\c@chapter=\count80
\c@section=\count81
\c@subsection=\count82
\c@subsubsection=\count83
\c@paragraph=\count84
\c@subparagraph=\count85
\c@figure=\count86
\c@table=\count87
\abovecaptionskip=\skip41
\belowcaptionskip=\skip42
\bibindent=\dimen102
)
(/usr/share/texlive/texmf-dist/tex/latex/pdfpages/pdfpages.sty
Package: pdfpages 2013/08/25 v0.4v Insert pages of external PDF documents (AM)

(/usr/share/texlive/texmf-dist/tex/latex/base/ifthen.sty
Package: ifthen 2001/05/26 v1.1c Standard LaTeX ifthen package (DPC)
)
(/usr/share/texlive/texmf-dist/tex/latex/tools/calc.sty
Package: calc 2007/08/22 v4.3 Infix arithmetic (KKT,FJ)
\calc@Acount=\count88
\calc@Bcount=\count89
\calc@Adimen=\dimen103
\calc@Bdimen=\dimen104
\calc@Askip=\skip43
\calc@Bskip=\skip44
LaTeX Info: Redefining \setlength on input line 76.
LaTeX Info: Redefining \addtolength on input line 77.
\calc@Ccount=\count90
\calc@Cskip=\skip45
)
(/usr/share/texlive/texmf-dist/tex/latex/eso-pic/eso-pic.sty
Package: eso-pic 2013/10/06 v2.0d eso-pic (RN)

(/usr/share/texlive/texmf-dist/tex/generic/oberdiek/atbegshi.sty
Package: atbegshi 2011/10/05 v1.16 At begin shipout hook (HO)

(/usr/share/texlive/texmf-dist/tex/generic/oberdiek/infwarerr.sty
Package: infwarerr 2010/04/08 v1.3 Providing info/warning/error messages (HO)
)
(/usr/share/texlive/texmf-dist/tex/generic/oberdiek/ltxcmds.sty
Package: ltxcmds 2011/11/09 v1.22 LaTeX kernel commands for general use (HO)
)
(/usr/share/texlive/texmf-dist/tex/generic/oberdiek/ifpdf.sty
Package: ifpdf 2011/01/30 v2.3 Provides the ifpdf switch (HO)
Package ifpdf Info: pdfTeX in PDF mode is detected.
))
(/usr/share/texlive/texmf-dist/tex/latex/graphics/keyval.sty
Package: keyval 1999/03/16 v1.13 key=value parser (DPC)
\KV@toks@=\toks14
)
(/usr/share/texmf/tex/latex/xcolor/xcolor.sty
Package: xcolor 2007/01/21 v2.11 LaTeX color extensions (UK)

(/usr/share/texlive/texmf-dist/tex/latex/latexconfig/color.cfg
File: color.cfg 2007/01/18 v1.5 color configuration of teTeX/TeXLive
)
Package xcolor Info: Driver file: pdftex.def on input line 225.

(/usr/share/texlive/texmf-dist/tex/latex/pdftex-def/pdftex.def
File: pdftex.def 2011/05/27 v0.06d Graphics/color for pdfTeX
\Gread@gobject=\count91
)
Package xcolor Info: Model `cmy' substituted by `cmy0' on input line 1337.
Package xcolor Info: Model `hsb' substituted by `rgb' on input line 1341.
Package xcolor Info: Model `RGB' extended on input line 1353.
Package xcolor Info: Model `HTML' substituted by `rgb' on input line 1355.
Package xcolor Info: Model `Hsb' substituted by `hsb' on input line 1356.
Package xcolor Info: Model `tHsb' substituted by `hsb' on input line 1357.
Package xcolor Info: Model `HSB' substituted by `hsb' on input line 1358.
Package xcolor Info: Model `Gray' substituted by `gray' on input line 1359.
Package xcolor Info: Model `wave' substituted by `hsb' on input line 1360.
))
(/usr/share/texlive/texmf-dist/tex/latex/graphics/graphicx.sty
Package: graphicx 1999/02/16 v1.0f Enhanced LaTeX Graphics (DPC,SPQR)

(/usr/share/texlive/texmf-dist/tex/latex/graphics/graphics.sty
Package: graphics 2009/02/05 v1.0o Standard LaTeX Graphics (DPC,SPQR)

(/usr/share/texlive/texmf-dist/tex/latex/graphics/trig.sty
Package: trig 1999/03/16 v1.09 sin cos tan (DPC)
)
(/usr/share/texlive/texmf-dist/tex/latex/latexconfig/graphics.cfg
File: graphics.cfg 2010/04/23 v1.9 graphics configuration of TeX Live
)
Package graphics Info: Driver file: pdftex.def on input line 91.
)
\Gin@req@height=\dimen105
\Gin@req@width=\dimen106
)
(/usr/share/texlive/texmf-dist/tex/latex/pdfpages/pppdftex.def
File: pppdftex.def 2013/08/25 v0.4v Pdfpages driver for pdfTeX (AM)
)
\AM@pagebox=\box26
\AM@toc@title=\toks15
\c@AM@survey=\count92
\AM@templatesizebox=\box27
)
(/usr/share/texlive/texmf-dist/tex/latex/float/float.sty
Package: float 2001/11/08 v1.3d Float enhancements (AL)
\c@float@type=\count93
\float@exts=\toks16
\float@box=\box28
\@float@everytoks=\toks17
\@floatcapt=\box29
)
(/usr/share/texlive/texmf-dist/tex/latex/booktabs/booktabs.sty
Package: booktabs 2005/04/14 v1.61803 publication quality tables
\heavyrulewidth=\dimen107
\lightrulewidth=\dimen108
\cmidrulewidth=\dimen109
\belowrulesep=\dimen110
\belowbottomsep=\dimen111
\aboverulesep=\dimen112
\abovetopsep=\dimen113
\cmidrulesep=\dimen114
\cmidrulekern=\dimen115
\defaultaddspace=\dimen116
\@cmidla=\count94
\@cmidlb=\count95
\@aboverulesep=\dimen117
\@belowrulesep=\dimen118
\@thisruleclass=\count96
\@lastruleclass=\count97
\@thisrulewidth=\dimen119
)
(/usr/share/texlive/texmf-dist/tex/latex/geometry/geometry.sty
Package: geometry 2010/09/12 v5.6 Page Geometry

(/usr/share/texlive/texmf-dist/tex/generic/oberdiek/ifvtex.sty
Package: ifvtex 2010/03/01 v1.5 Detect VTeX and its facilities (HO)
Package ifvtex Info: VTeX not detected.
)
(/usr/share/texlive/texmf-dist/tex/generic/ifxetex/ifxetex.sty
Package: ifxetex 2010/09/12 v0.6 Provides ifxetex conditional
)
\Gm@cnth=\count98
\Gm@cntv=\count99
\c@Gm@tempcnt=\count100
\Gm@bindingoffset=\dimen120
\Gm@wd@mp=\dimen121
\Gm@odd@mp=\dimen122
\Gm@even@mp=\dimen123
\Gm@layoutwidth=\dimen124
\Gm@layoutheight=\dimen125
\Gm@layouthoffset=\dimen126
\Gm@layoutvoffset=\dimen127
\Gm@dimlist=\toks18
)
(/usr/share/texlive/texmf-dist/tex/latex/savetrees/savetrees.sty
Package: savetrees 2013/04/09 v2.1 Pack as much text as possible onto each page


(/usr/share/texlive/texmf-dist/tex/latex/xkeyval/xkeyval.sty
Package: xkeyval 2012/10/14 v2.6b package option processing (HA)

(/usr/share/texlive/texmf-dist/tex/generic/xkeyval/xkeyval.tex
\XKV@toks=\toks19
\XKV@tempa@toks=\toks20
\XKV@depth=\count101
File: xkeyval.tex 2012/10/14 v2.6b key=value parser (HA)
))
\everypar=\toks21
)
(/usr/share/texlive/texmf-dist/tex/latex/microtype/microtype.sty
Package: microtype 2013/05/23 v2.5a Micro-typographical refinements (RS)
\MT@toks=\toks22
\MT@count=\count102
LaTeX Info: Redefining \textls on input line 766.
\MT@outer@kern=\dimen128
LaTeX Info: Redefining \textmicrotypecontext on input line 1285.
\MT@listname@count=\count103

(/usr/share/texlive/texmf-dist/tex/latex/microtype/microtype-pdftex.def
File: microtype-pdftex.def 2013/05/23 v2.5a Definitions specific to pdftex (RS)

LaTeX Info: Redefining \lsstyle on input line 915.
LaTeX Info: Redefining \lslig on input line 915.
\MT@outer@space=\skip46
)
Package microtype Info: Loading configuration file microtype.cfg.

(/usr/share/texlive/texmf-dist/tex/latex/microtype/microtype.cfg
File: microtype.cfg 2013/05/23 v2.5a microtype main configuration file (RS)
))
(/usr/share/texlive/texmf-dist/tex/latex/enumitem/enumitem.sty
Package: enumitem 2011/09/28 v3.5.2 Customized lists
\labelindent=\skip47
\enit@outerparindent=\dimen129
\enit@toks=\toks23
\enit@inbox=\box30
\enitdp@description=\count104
)
(/usr/share/texlive/texmf-dist/tex/latex/hyperref/hyperref.sty
Package: hyperref 2012/11/06 v6.83m Hypertext links for LaTeX

(/usr/share/texlive/texmf-dist/tex/generic/oberdiek/hobsub-hyperref.sty
Package: hobsub-hyperref 2012/05/28 v1.13 Bundle oberdiek, subset hyperref (HO)


(/usr/share/texlive/texmf-dist/tex/generic/oberdiek/hobsub-generic.sty
Package: hobsub-generic 2012/05/28 v1.13 Bundle oberdiek, subset generic (HO)
Package: hobsub 2012/05/28 v1.13 Construct package bundles (HO)
Package hobsub Info: Skipping package `infwarerr' (already loaded).
Package hobsub Info: Skipping package `ltxcmds' (already loaded).
Package: ifluatex 2010/03/01 v1.3 Provides the ifluatex switch (HO)
Package ifluatex Info: LuaTeX not detected.
Package hobsub Info: Skipping package `ifvtex' (already loaded).
Package: intcalc 2007/09/27 v1.1 Expandable calculations with integers (HO)
Package hobsub Info: Skipping package `ifpdf' (already loaded).
Package: etexcmds 2011/02/16 v1.5 Avoid name clashes with e-TeX commands (HO)
Package etexcmds Info: Could not find \expanded.
(etexcmds)             That can mean that you are not using pdfTeX 1.50 or
(etexcmds)             that some package has redefined \expanded.
(etexcmds)             In the latter case, load this package earlier.
Package: kvsetkeys 2012/04/25 v1.16 Key value parser (HO)
Package: kvdefinekeys 2011/04/07 v1.3 Define keys (HO)
Package: pdftexcmds 2011/11/29 v0.20 Utility functions of pdfTeX for LuaTeX (HO
)
Package pdftexcmds Info: LuaTeX not detected.
Package pdftexcmds Info: \pdf@primitive is available.
Package pdftexcmds Info: \pdf@ifprimitive is available.
Package pdftexcmds Info: \pdfdraftmode found.
Package: pdfescape 2011/11/25 v1.13 Implements pdfTeX's escape features (HO)
Package: bigintcalc 2012/04/08 v1.3 Expandable calculations on big integers (HO
)
Package: bitset 2011/01/30 v1.1 Handle bit-vector datatype (HO)
Package: uniquecounter 2011/01/30 v1.2 Provide unlimited unique counter (HO)
)
Package hobsub Info: Skipping package `hobsub' (already loaded).
Package: letltxmacro 2010/09/02 v1.4 Let assignment for LaTeX macros (HO)
Package: hopatch 2012/05/28 v1.2 Wrapper for package hooks (HO)
Package: xcolor-patch 2011/01/30 xcolor patch
Package: atveryend 2011/06/30 v1.8 Hooks at the very end of document (HO)
Package atveryend Info: \enddocument detected (standard20110627).
Package hobsub Info: Skipping package `atbegshi' (already loaded).
Package: refcount 2011/10/16 v3.4 Data extraction from label references (HO)
Package: hycolor 2011/01/30 v1.7 Color options for hyperref/bookmark (HO)
)
(/usr/share/texlive/texmf-dist/tex/latex/oberdiek/auxhook.sty
Package: auxhook 2011/03/04 v1.3 Hooks for auxiliary files (HO)
)
(/usr/share/texlive/texmf-dist/tex/latex/oberdiek/kvoptions.sty
Package: kvoptions 2011/06/30 v3.11 Key value format for package options (HO)
)
\@linkdim=\dimen130
\Hy@linkcounter=\count105
\Hy@pagecounter=\count106

(/usr/share/texlive/texmf-dist/tex/latex/hyperref/pd1enc.def
File: pd1enc.def 2012/11/06 v6.83m Hyperref: PDFDocEncoding definition (HO)
)
\Hy@SavedSpaceFactor=\count107

(/usr/share/texlive/texmf-dist/tex/latex/latexconfig/hyperref.cfg
File: hyperref.cfg 2002/06/06 v1.2 hyperref configuration of TeXLive
)
Package hyperref Info: Option `colorlinks' set `true' on input line 4319.
Package hyperref Info: Hyper figures OFF on input line 4443.
Package hyperref Info: Link nesting OFF on input line 4448.
Package hyperref Info: Hyper index ON on input line 4451.
Package hyperref Info: Plain pages OFF on input line 4458.
Package hyperref Info: Backreferencing OFF on input line 4463.
Package hyperref Info: Implicit mode ON; LaTeX internals redefined.
Package hyperref Info: Bookmarks ON on input line 4688.
\c@Hy@tempcnt=\count108

(/usr/share/texlive/texmf-dist/tex/latex/url/url.sty
\Urlmuskip=\muskip10
Package: url 2013/09/16  ver 3.4  Verb mode for urls, etc.
)
LaTeX Info: Redefining \url on input line 5041.
\XeTeXLinkMargin=\dimen131
\Fld@menulength=\count109
\Field@Width=\dimen132
\Fld@charsize=\dimen133
Package hyperref Info: Hyper figures OFF on input line 6295.
Package hyperref Info: Link nesting OFF on input line 6300.
Package hyperref Info: Hyper index ON on input line 6303.
Package hyperref Info: backreferencing OFF on input line 6310.
Package hyperref Info: Link coloring ON on input line 6313.
Package hyperref Info: Link coloring with OCG OFF on input line 6320.
Package hyperref Info: PDF/A mode OFF on input line 6325.
LaTeX Info: Redefining \ref on input line 6365.
LaTeX Info: Redefining \pageref on input line 6369.
\Hy@abspage=\count110
\c@Item=\count111
\c@Hfootnote=\count112
)

Package hyperref Message: Driver (autodetected): hpdftex.

(/usr/share/texlive/texmf-dist/tex/latex/hyperref/hpdftex.def
File: hpdftex.def 2012/11/06 v6.83m Hyperref driver for pdfTeX
\Fld@listcount=\count113
\c@bookmark@seq@number=\count114

(/usr/share/texlive/texmf-dist/tex/latex/oberdiek/rerunfilecheck.sty
Package: rerunfilecheck 2011/04/15 v1.7 Rerun checks for auxiliary files (HO)
Package uniquecounter Info: New unique counter `rerunfilecheck' on input line 2
82.
)
\Hy@SectionHShift=\skip48
)
(/usr/share/texlive/texmf-dist/tex/latex/caption/caption.sty
Package: caption 2013/05/02 v3.3-89 Customizing captions (AR)

(/usr/share/texlive/texmf-dist/tex/latex/caption/caption3.sty
Package: caption3 2013/05/02 v1.6-88 caption3 kernel (AR)
Package caption3 Info: TeX engine: e-TeX on input line 57.
\captionmargin=\dimen134
\captionmargin@=\dimen135
\captionwidth=\dimen136
\caption@tempdima=\dimen137
\caption@indent=\dimen138
\caption@parindent=\dimen139
\caption@hangindent=\dimen140
)
\c@ContinuedFloat=\count115
Package caption Info: float package is loaded.
Package caption Info: hyperref package is loaded.
)
(/usr/share/texlive/texmf-dist/tex/latex/caption/subcaption.sty
Package: subcaption 2013/02/03 v1.1-62 Sub-captions (AR)
\c@subfigure=\count116
\c@subtable=\count117
)
(/usr/share/texlive/texmf-dist/tex/latex/amsfonts/amssymb.sty
Package: amssymb 2013/01/14 v3.01 AMS font symbols

(/usr/share/texlive/texmf-dist/tex/latex/amsfonts/amsfonts.sty
Package: amsfonts 2013/01/14 v3.01 Basic AMSFonts support
\@emptytoks=\toks24
\symAMSa=\mathgroup4
\symAMSb=\mathgroup5
LaTeX Font Info:    Overwriting math alphabet `\mathfrak' in version `bold'
(Font)                  U/euf/m/n --> U/euf/b/n on input line 106.
))
(/usr/share/texlive/texmf-dist/tex/latex/psnfss/pifont.sty
Package: pifont 2005/04/12 PSNFSS-v9.2a Pi font support (SPQR) 
LaTeX Font Info:    Try loading font information for U+pzd on input line 63.

(/usr/share/texlive/texmf-dist/tex/latex/psnfss/upzd.fd
File: upzd.fd 2001/06/04 font definitions for U/pzd.
)
LaTeX Font Info:    Try loading font information for U+psy on input line 64.

(/usr/share/texlive/texmf-dist/tex/latex/psnfss/upsy.fd
File: upsy.fd 2001/06/04 font definitions for U/psy.
))
(/usr/share/texlive/texmf-dist/tex/latex/tools/array.sty
Package: array 2008/09/09 v2.4c Tabular extension package (FMi)
\col@sep=\dimen141
\extrarowheight=\dimen142
\NC@list=\toks25
\extratabsurround=\skip49
\backup@length=\skip50
)
(/usr/share/texlive/texmf-dist/tex/latex/amsmath/amsmath.sty
Package: amsmath 2013/01/14 v2.14 AMS math features
\@mathmargin=\skip51

For additional information on amsmath, use the `?' option.
(/usr/share/texlive/texmf-dist/tex/latex/amsmath/amstext.sty
Package: amstext 2000/06/29 v2.01

(/usr/share/texlive/texmf-dist/tex/latex/amsmath/amsgen.sty
File: amsgen.sty 1999/11/30 v2.0
\@emptytoks=\toks26
\ex@=\dimen143
))
(/usr/share/texlive/texmf-dist/tex/latex/amsmath/amsbsy.sty
Package: amsbsy 1999/11/29 v1.2d
\pmbraise@=\dimen144
)
(/usr/share/texlive/texmf-dist/tex/latex/amsmath/amsopn.sty
Package: amsopn 1999/12/14 v2.01 operator names
)
\inf@bad=\count118
LaTeX Info: Redefining \frac on input line 210.
\uproot@=\count119
\leftroot@=\count120
LaTeX Info: Redefining \overline on input line 306.
\classnum@=\count121
\DOTSCASE@=\count122
LaTeX Info: Redefining \ldots on input line 378.
LaTeX Info: Redefining \dots on input line 381.
LaTeX Info: Redefining \cdots on input line 466.
\Mathstrutbox@=\box31
\strutbox@=\box32
\big@size=\dimen145
LaTeX Font Info:    Redeclaring font encoding OML on input line 566.
LaTeX Font Info:    Redeclaring font encoding OMS on input line 567.
\macc@depth=\count123
\c@MaxMatrixCols=\count124
\dotsspace@=\muskip11
\c@parentequation=\count125
\dspbrk@lvl=\count126
\tag@help=\toks27
\row@=\count127
\column@=\count128
\maxfields@=\count129
\andhelp@=\toks28
\eqnshift@=\dimen146
\alignsep@=\dimen147
\tagshift@=\dimen148
\tagwidth@=\dimen149
\totwidth@=\dimen150
\lineht@=\dimen151
\@envbody=\toks29
\multlinegap=\skip52
\multlinetaggap=\skip53
\mathdisplay@stack=\toks30
LaTeX Info: Redefining \[ on input line 2665.
LaTeX Info: Redefining \] on input line 2666.
)
(/usr/share/texlive/texmf-dist/tex/latex/appendix/appendix.sty
Package: appendix 2009/09/02 v1.2b extra appendix facilities
\c@@pps=\count130
\c@@ppsavesec=\count131
\c@@ppsaveapp=\count132
)
(./mtp_report.aux (./1_intro/introduction.aux) (./2_background/background.aux)
(./3_related_work/related_work.aux) (./4_controller/controller.aux)
(./5_double_decker/dd.aux) (./6_conclusions/conclusions.aux)
(./7_future_work/future_work.aux))
\openout1 = `mtp_report.aux'.

LaTeX Font Info:    Checking defaults for OML/cmm/m/it on input line 59.
LaTeX Font Info:    ... okay on input line 59.
LaTeX Font Info:    Checking defaults for T1/cmr/m/n on input line 59.
LaTeX Font Info:    ... okay on input line 59.
LaTeX Font Info:    Checking defaults for OT1/cmr/m/n on input line 59.
LaTeX Font Info:    ... okay on input line 59.
LaTeX Font Info:    Checking defaults for OMS/cmsy/m/n on input line 59.
LaTeX Font Info:    ... okay on input line 59.
LaTeX Font Info:    Checking defaults for OMX/cmex/m/n on input line 59.
LaTeX Font Info:    ... okay on input line 59.
LaTeX Font Info:    Checking defaults for U/cmr/m/n on input line 59.
LaTeX Font Info:    ... okay on input line 59.
LaTeX Font Info:    Checking defaults for PD1/pdf/m/n on input line 59.
LaTeX Font Info:    ... okay on input line 59.
\AtBeginShipoutBox=\box33

(/usr/share/texlive/texmf-dist/tex/context/base/supp-pdf.mkii
[Loading MPS to PDF converter (version 2006.09.02).]
\scratchcounter=\count133
\scratchdimen=\dimen152
\scratchbox=\box34
\nofMPsegments=\count134
\nofMParguments=\count135
\everyMPshowfont=\toks31
\MPscratchCnt=\count136
\MPscratchDim=\dimen153
\MPnumerator=\count137
\makeMPintoPDFobject=\count138
\everyMPtoPDFconversion=\toks32
) (/usr/share/texlive/texmf-dist/tex/latex/oberdiek/epstopdf-base.sty
Package: epstopdf-base 2010/02/09 v2.5 Base part for package epstopdf

(/usr/share/texlive/texmf-dist/tex/latex/oberdiek/grfext.sty
Package: grfext 2010/08/19 v1.1 Manage graphics extensions (HO)
)
Package grfext Info: Graphics extension search list:
(grfext)             [.png,.pdf,.jpg,.mps,.jpeg,.jbig2,.jb2,.PNG,.PDF,.JPG,.JPE
G,.JBIG2,.JB2,.eps]
(grfext)             \AppendGraphicsExtensions on input line 452.

(/usr/share/texlive/texmf-dist/tex/latex/latexconfig/epstopdf-sys.cfg
File: epstopdf-sys.cfg 2010/07/13 v1.3 Configuration of (r)epstopdf for TeX Liv
e
))
*geometry* driver: auto-detecting
*geometry* detected driver: pdftex
*geometry* verbose mode - [ preamble ] result:
* driver: pdftex
* paper: a4paper
* layout: <same size as paper>
* layoutoffset:(h,v)=(0.0pt,0.0pt)
* modes: 
* h-part:(L,W,R)=(65.04256pt, 467.42276pt, 65.04256pt)
* v-part:(T,H,B)=(65.04256pt, 714.96173pt, 65.04256pt)
* \paperwidth=597.50787pt
* \paperheight=845.04684pt
* \textwidth=467.42276pt
* \textheight=714.96173pt
* \oddsidemargin=-7.22743pt
* \evensidemargin=-7.22743pt
* \topmargin=-44.22743pt
* \headheight=12.0pt
* \headsep=25.0pt
* \topskip=11.0pt
* \footskip=30.0pt
* \marginparwidth=50.0pt
* \marginparsep=10.0pt
* \columnsep=10.0pt
* \skip\footins=10.0pt plus 4.0pt minus 2.0pt
* \hoffset=0.0pt
* \voffset=0.0pt
* \mag=1000
* \@twocolumnfalse
* \@twosidefalse
* \@mparswitchfalse
* \@reversemarginfalse
* (1in=72.27pt=25.4mm, 1cm=28.453pt)

LaTeX Info: Redefining \microtypecontext on input line 59.
Package microtype Info: Generating PDF output.
Package microtype Info: Character protrusion enabled (level 2).
Package microtype Info: Using default protrusion set `alltext'.
Package microtype Info: Automatic font expansion enabled (level 2),
(microtype)             stretch: 0, shrink: 50, step: 1, non-selected.
Package microtype Info: Using default expansion set `basictext'.
Package microtype Info: Tracking enabled.
Package microtype Info: Using tracking set `all'.
Package microtype Info: No adjustment of interword spacing.
Package microtype Info: No adjustment of character kerning.
(/usr/share/texlive/texmf-dist/tex/latex/microtype/mt-cmr.cfg
File: mt-cmr.cfg 2013/05/19 v2.2 microtype config. file: Computer Modern Roman 
(RS)
)
Package hyperref Info: Link coloring ON on input line 59.

(/usr/share/texlive/texmf-dist/tex/latex/hyperref/nameref.sty
Package: nameref 2012/10/27 v2.43 Cross-referencing by name of section

(/usr/share/texlive/texmf-dist/tex/generic/oberdiek/gettitlestring.sty
Package: gettitlestring 2010/12/03 v1.4 Cleanup title references (HO)
)
\c@section@level=\count139
)
LaTeX Info: Redefining \ref on input line 59.
LaTeX Info: Redefining \pageref on input line 59.
LaTeX Info: Redefining \nameref on input line 59.

(./mtp_report.out) (./mtp_report.out)
\@outlinefile=\write3
\openout3 = `mtp_report.out'.

Package caption Info: Begin \AtBeginDocument code.
Package caption Info: End \AtBeginDocument code.

<iitb-black.pdf, id=277, 557.08125pt x 533.995pt>
File: iitb-black.pdf Graphic file (type pdf)
 <use iitb-black.pdf>
Package pdftex.def Info: iitb-black.pdf used on input line 88.
(pdftex.def)             Requested size: 117.49878pt x 112.62299pt.
 [1

{/var/lib/texmf/fonts/map/pdftex/updmap/pdftex.map} <./iitb-black.pdf>]
<images/forms/Approval.pdf, id=289, 1385.175pt x 1951.29pt>
File: images/forms/Approval.pdf Graphic file (type pdf)

<use images/forms/Approval.pdf>
Package pdftex.def Info: images/forms/Approval.pdf used on input line 98.
(pdftex.def)             Requested size: 1385.17163pt x 1951.28525pt.
File: images/forms/Approval.pdf Graphic file (type pdf)
 <use images/forms/Approval.pdf>
Package pdftex.def Info: images/forms/Approval.pdf used on input line 98.
(pdftex.def)             Requested size: 1385.17163pt x 1951.28525pt.

<images/forms/Approval.pdf, id=292, page=1, 1385.175pt x 1951.29pt>
File: images/forms/Approval.pdf Graphic file (type pdf)

<use images/forms/Approval.pdf, page 1>
Package pdftex.def Info: images/forms/Approval.pdf, page1 used on input line 98
.
(pdftex.def)             Requested size: 1385.17163pt x 1951.28525pt.
File: images/forms/Approval.pdf Graphic file (type pdf)

<use images/forms/Approval.pdf, page 1>
Package pdftex.def Info: images/forms/Approval.pdf, page1 used on input line 98
.
(pdftex.def)             Requested size: 597.5793pt x 841.80736pt.
File: images/forms/Approval.pdf Graphic file (type pdf)

<use images/forms/Approval.pdf, page 1>
Package pdftex.def Info: images/forms/Approval.pdf, page1 used on input line 98
.
(pdftex.def)             Requested size: 597.5793pt x 841.80736pt.
File: images/forms/Approval.pdf Graphic file (type pdf)

<use images/forms/Approval.pdf, page 1>
Package pdftex.def Info: images/forms/Approval.pdf, page1 used on input line 98
.
(pdftex.def)             Requested size: 597.5793pt x 841.80736pt.
File: images/forms/Approval.pdf Graphic file (type pdf)

<use images/forms/Approval.pdf, page 1>
Package pdftex.def Info: images/forms/Approval.pdf, page1 used on input line 98
.
(pdftex.def)             Requested size: 597.5793pt x 841.80736pt.
 [1 <./images/forms/Approval.pdf>]
<images/forms/Decleration.pdf, id=301, 1449.415pt x 2023.56pt>
File: images/forms/Decleration.pdf Graphic file (type pdf)

<use images/forms/Decleration.pdf>
Package pdftex.def Info: images/forms/Decleration.pdf used on input line 99.
(pdftex.def)             Requested size: 1449.41147pt x 2023.55507pt.
File: images/forms/Decleration.pdf Graphic file (type pdf)
 <use images/forms/Decleration.pdf>
Package pdftex.def Info: images/forms/Decleration.pdf used on input line 99.
(pdftex.def)             Requested size: 1449.41147pt x 2023.55507pt.

<images/forms/Decleration.pdf, id=304, page=1, 1449.415pt x 2023.56pt>
File: images/forms/Decleration.pdf Graphic file (type pdf)

<use images/forms/Decleration.pdf, page 1>
Package pdftex.def Info: images/forms/Decleration.pdf, page1 used on input line
 99.
(pdftex.def)             Requested size: 1449.41147pt x 2023.55507pt.
File: images/forms/Decleration.pdf Graphic file (type pdf)

<use images/forms/Decleration.pdf, page 1>
Package pdftex.def Info: images/forms/Decleration.pdf, page1 used on input line
 99.
(pdftex.def)             Requested size: 597.6699pt x 834.42004pt.
File: images/forms/Decleration.pdf Graphic file (type pdf)

<use images/forms/Decleration.pdf, page 1>
Package pdftex.def Info: images/forms/Decleration.pdf, page1 used on input line
 99.
(pdftex.def)             Requested size: 597.6699pt x 834.42004pt.
File: images/forms/Decleration.pdf Graphic file (type pdf)

<use images/forms/Decleration.pdf, page 1>
Package pdftex.def Info: images/forms/Decleration.pdf, page1 used on input line
 99.
(pdftex.def)             Requested size: 597.6699pt x 834.42004pt.
File: images/forms/Decleration.pdf Graphic file (type pdf)

<use images/forms/Decleration.pdf, page 1>
Package pdftex.def Info: images/forms/Decleration.pdf, page1 used on input line
 99.
(pdftex.def)             Requested size: 597.6699pt x 834.42004pt.
 [2 <./images/forms/Decleration.pdf>] [3]
Missing character: There is no ‚ in font cmr10-25ls!
Missing character: There is no Ä in font cmr10-25ls!
Missing character: There is no ô in font cmr10-25ls!
 [4] (./mtp_report.toc
LaTeX Font Info:    Try loading font information for U+msa on input line 2.

(/usr/share/texlive/texmf-dist/tex/latex/amsfonts/umsa.fd
File: umsa.fd 2013/01/14 v3.01 AMS symbols A
)
(/usr/share/texlive/texmf-dist/tex/latex/microtype/mt-msa.cfg
File: mt-msa.cfg 2006/02/04 v1.1 microtype config. file: AMS symbols (a) (RS)
)
LaTeX Font Info:    Try loading font information for U+msb on input line 2.

(/usr/share/texlive/texmf-dist/tex/latex/amsfonts/umsb.fd
File: umsb.fd 2013/01/14 v3.01 AMS symbols B
)
(/usr/share/texlive/texmf-dist/tex/latex/microtype/mt-msb.cfg
File: mt-msb.cfg 2005/06/01 v1.0 microtype config. file: AMS symbols (b) (RS)
) [5

])
\tf@toc=\write4
\openout4 = `mtp_report.toc'.

 [6]
(./mtp_report.lof)
\tf@lof=\write5
\openout5 = `mtp_report.lof'.

 [7

] (./mtp_report.lot)
\tf@lot=\write6
\openout6 = `mtp_report.lot'.

 [8

]
\openout2 = `1_intro/introduction.aux'.

 (./1_intro/introduction.tex
Chapter 1.
pdfTeX warning (ext4): destination with the same identifier (name{page.1}) has 
been already used, duplicate ignored
<to be read again> 
                   \relax 
l.38 
      [1



] <images/intro/derivative_cloud.png, id=500, 702.625pt x 440.64626pt>
File: images/intro/derivative_cloud.png Graphic file (type png)

<use images/intro/derivative_cloud.png>
Package pdftex.def Info: images/intro/derivative_cloud.png used on input line 5
6.
(pdftex.def)             Requested size: 280.4565pt x 175.89229pt.
 [2 <./images/intro/derivative_cloud.png>]
Underfull \hbox (badness 6625) in paragraph at lines 106--106
[]|\OT1/cmr/m/n/10.95/-25ls Average Mem-ory
 []


Underfull \hbox (badness 10000) in paragraph at lines 106--106
[]|\OT1/cmr/m/n/10.95/-25ls Memory
 []


Underfull \hbox (badness 10000) in paragraph at lines 106--107
[]|\OT1/cmr/m/n/10.95/-25ls Desired
 []

[3] <images/intro/native.png, id=528, 451.6875pt x 376.40625pt>
File: images/intro/native.png Graphic file (type png)

<use images/intro/native.png>
Package pdftex.def Info: images/intro/native.png used on input line 126.
(pdftex.def)             Requested size: 224.36092pt x 186.9678pt.

<images/intro/observed.png, id=529, 451.6875pt x 376.40625pt>
File: images/intro/observed.png Graphic file (type png)

<use images/intro/observed.png>
Package pdftex.def Info: images/intro/observed.png used on input line 133.
(pdftex.def)             Requested size: 224.36092pt x 186.9678pt.

<images/intro/desired.png, id=530, 451.6875pt x 376.40625pt>
File: images/intro/desired.png Graphic file (type png)

<use images/intro/desired.png>
Package pdftex.def Info: images/intro/desired.png used on input line 140.
(pdftex.def)             Requested size: 224.36092pt x 186.9678pt.
LaTeX Font Info:    Try loading font information for OMS+cmr on input line 152.


(/usr/share/texlive/texmf-dist/tex/latex/base/omscmr.fd
File: omscmr.fd 1999/05/25 v2.5h Standard LaTeX font definitions
)
LaTeX Font Info:    Font shape `OMS/cmr/m/n' in size <10.95> not available
(Font)              Font shape `OMS/cmsy/m/n' tried instead on input line 152.
 [4 <./images/intro/native.png> <./images/intro/observed.png> <./images/intro/d
esired.png>]
<images/intro/issues_in_hypervisor.png, id=546, 1259.70625pt x 926.46124pt>
File: images/intro/issues_in_hypervisor.png Graphic file (type png)

<use images/intro/issues_in_hypervisor.png>
Package pdftex.def Info: images/intro/issues_in_hypervisor.png used on input li
ne 225.
(pdftex.def)             Requested size: 373.93962pt x 275.01422pt.
 [5]
<images/intro/hc.png, id=562, 1208.515pt x 930.47626pt>
File: images/intro/hc.png Graphic file (type png)

<use images/intro/hc.png>
Package pdftex.def Info: images/intro/hc.png used on input line 253.
(pdftex.def)             Requested size: 373.93962pt x 287.90514pt.
 [6 <./images/intro/issues_in_hypervisor.png>]
[7 <./images/intro/hc.png>]) [8]
\openout2 = `2_background/background.aux'.

 (./2_background/background.tex
Chapter 2.
[9



] <images/background/container_vs_vm.png, id=605, 1397.22pt x 643.34471pt>
File: images/background/container_vs_vm.png Graphic file (type png)

<use images/background/container_vs_vm.png>
Package pdftex.def Info: images/background/container_vs_vm.png used on input li
ne 62.
(pdftex.def)             Requested size: 467.42276pt x 215.21994pt.

<images/background/control_groups.png, id=610, 1982.4653pt x 1537.50882pt>
File: images/background/control_groups.png Graphic file (type png)

<use images/background/control_groups.png>
Package pdftex.def Info: images/background/control_groups.png used on input lin
e 89.
(pdftex.def)             Requested size: 467.42276pt x 362.51111pt.
 [10]
Package microtype Info: Loading generic settings for font family
(microtype)             `cmtt' (encoding: OT1).
(microtype)             For optimal results, create family-specific settings.
(microtype)             See the microtype manual for details.
 [11 <./images/background/container_vs_vm.png>]
<images/background/page_mapping.png, id=634, 1045.78941pt x 647.59589pt>
File: images/background/page_mapping.png Graphic file (type png)

<use images/background/page_mapping.png>
Package pdftex.def Info: images/background/page_mapping.png used on input line 
148.
(pdftex.def)             Requested size: 373.93962pt x 231.5533pt.
 [12 <./images/background/control_groups.png>]
<images/background/reclamation_call_trace.jpg, id=640, 1085.05376pt x 1107.1362
5pt>
File: images/background/reclamation_call_trace.jpg Graphic file (type jpg)
 <use images/background/reclamation_call_trace.jpg>
Package pdftex.def Info: images/background/reclamation_call_trace.jpg used on i
nput line 179.
(pdftex.def)             Requested size: 467.42276pt x 476.93777pt.

<images/background/high_level_Reclamation.png, id=641, 1194.58058pt x 813.39177
pt>
File: images/background/high_level_Reclamation.png Graphic file (type png)
 <use images/background/high_level_Reclamation.png>
Package pdftex.def Info: images/background/high_level_Reclamation.png used on i
nput line 186.
(pdftex.def)             Requested size: 373.93962pt x 254.6187pt.
 [13 <./images/background/page_mapping.png>] [14 <./images/background/reclamati
on_call_trace.jpg>]
[15 <./images/background/high_level_Reclamation.png>]
<images/background/double_decker.png, id=666, 1491.5725pt x 1009.7725pt>
File: images/background/double_decker.png Graphic file (type png)

<use images/background/double_decker.png>
Package pdftex.def Info: images/background/double_decker.png used on input line
 251.
(pdftex.def)             Requested size: 467.42276pt x 316.43138pt.

<images/background/single_level_implementation.png, id=668, 857.2025pt x 803.0p
t>
File: images/background/single_level_implementation.png Graphic file (type png)

 <use images/background/single_level_implementation.png>
Package pdftex.def Info: images/background/single_level_implementation.png used
 on input line 277.
(pdftex.def)             Requested size: 350.56706pt x 328.39894pt.
 [16 <./images/background/double_decker.png>]) [17 <./images/background/single_
level_implementation.png>]
\openout2 = `3_related_work/related_work.aux'.

 (./3_related_work/related_work.tex
Chapter 3.
Missing character: There is no Ã in font cmr10-25ls!
Missing character: There is no Å in font cmr10-25ls!
Missing character: There is no Ã in font cmr10-25ls!
Missing character: There is no Å in font cmr10-25ls!
[18



]) [19]
\openout2 = `4_controller/controller.aux'.

 (./4_controller/controller.tex
Chapter 4.
[20



] [21]
Missing character: There is no ‚ in font cmr10-25ls!
Missing character: There is no Ä in font cmr10-25ls!
Missing character: There is no ú in font cmr10-25ls!
Missing character: There is no ‚ in font cmr10-25ls!
Missing character: There is no Ä in font cmr10-25ls!
Missing character: There is no ù in font cmr10-25ls!

<images/controller_issues/native_testbed.png, id=757, 610.75235pt x 627.75706pt
>
File: images/controller_issues/native_testbed.png Graphic file (type png)
 <use images/controller_issues/native_testbed.png>
Package pdftex.def Info: images/controller_issues/native_testbed.png used on in
put line 101.
(pdftex.def)             Requested size: 233.71138pt x 240.21687pt.
 [22 <./images/controller_issues/native_testbed.png>] [23]
<images/controller_issues/exceed_only/Exceed.png, id=793, 376.40625pt x 301.125
pt>
File: images/controller_issues/exceed_only/Exceed.png Graphic file (type png)
 <use images/controller_issues/exceed_only/Exceed.png>
Package pdftex.def Info: images/controller_issues/exceed_only/Exceed.png used o
n input line 189.
(pdftex.def)             Requested size: 224.36092pt x 179.49551pt.

<images/controller_issues/exceed_only/Memory_Reclaimed.png, id=794, 376.40625pt
 x 301.125pt>
File: images/controller_issues/exceed_only/Memory_Reclaimed.png Graphic file (t
ype png)
 <use images/controller_issues/exceed_only/Memory_Reclaimed.png>
Package pdftex.def Info: images/controller_issues/exceed_only/Memory_Reclaimed.
png used on input line 196.
(pdftex.def)             Requested size: 224.36092pt x 179.49551pt.

<images/controller_issues/exceed_only/compare.png, id=795, 376.40625pt x 301.12
5pt>
File: images/controller_issues/exceed_only/compare.png Graphic file (type png)
 <use images/controller_issues/exceed_only/compare.png>
Package pdftex.def Info: images/controller_issues/exceed_only/compare.png used 
on input line 203.
(pdftex.def)             Requested size: 224.36092pt x 179.49551pt.
 [24 <./images/controller_issues/exceed_only/Exceed.png> <./images/controller_i
ssues/exceed_only/Memory_Reclaimed.png> <./images/controller_issues/exceed_only
/compare.png>]
<images/controller_issues/global_lru/mu.png, id=811, 376.40625pt x 301.125pt>
File: images/controller_issues/global_lru/mu.png Graphic file (type png)

<use images/controller_issues/global_lru/mu.png>
Package pdftex.def Info: images/controller_issues/global_lru/mu.png used on inp
ut line 243.
(pdftex.def)             Requested size: 224.36092pt x 179.49551pt.

<images/controller_issues/global_lru/compare.png, id=812, 376.40625pt x 301.125
pt>
File: images/controller_issues/global_lru/compare.png Graphic file (type png)
 <use images/controller_issues/global_lru/compare.png>
Package pdftex.def Info: images/controller_issues/global_lru/compare.png used o
n input line 250.
(pdftex.def)             Requested size: 224.36092pt x 179.49551pt.
 [25 <./images/controller_issues/global_lru/mu.png> <./images/controller_issues
/global_lru/compare.png>]
<images/controller_issues/workload/1/Exceed.png, id=828, 376.40625pt x 301.125p
t>
File: images/controller_issues/workload/1/Exceed.png Graphic file (type png)
 <use images/controller_issues/workload/1/Exceed.png>
Package pdftex.def Info: images/controller_issues/workload/1/Exceed.png used on
 input line 292.
(pdftex.def)             Requested size: 224.36092pt x 179.49551pt.

<images/controller_issues/workload/2/Exceed.png, id=829, 376.40625pt x 301.125p
t>
File: images/controller_issues/workload/2/Exceed.png Graphic file (type png)
 <use images/controller_issues/workload/2/Exceed.png>
Package pdftex.def Info: images/controller_issues/workload/2/Exceed.png used on
 input line 299.
(pdftex.def)             Requested size: 224.36092pt x 179.49551pt.
LaTeX Font Info:    Try loading font information for OML+cmr on input line 315.


(/usr/share/texlive/texmf-dist/tex/latex/base/omlcmr.fd
File: omlcmr.fd 1999/05/25 v2.5h Standard LaTeX font definitions
)
LaTeX Font Info:    Font shape `OML/cmr/m/n' in size <10.95> not available
(Font)              Font shape `OML/cmm/m/it' tried instead on input line 315.
 [26 <./images/controller_issues/workload/1/Exceed.png> <./images/controller_is
sues/workload/2/Exceed.png>]
<images/controller_issues/derivative_setup.png, id=846, 1191.74648pt x 685.8564
8pt>
File: images/controller_issues/derivative_setup.png Graphic file (type png)
 <use images/controller_issues/derivative_setup.png>
Package pdftex.def Info: images/controller_issues/derivative_setup.png used on 
input line 354.
(pdftex.def)             Requested size: 467.42276pt x 269.00041pt.
 [27 <./images/controller_issues/derivative_setup.png>]
<images/controller_issues/derivative_issues/memory_usage_redis.png, id=863, 401
.5pt x 301.125pt>
File: images/controller_issues/derivative_issues/memory_usage_redis.png Graphic
 file (type png)

<use images/controller_issues/derivative_issues/memory_usage_redis.png>
Package pdftex.def Info: images/controller_issues/derivative_issues/memory_usag
e_redis.png used on input line 444.
(pdftex.def)             Requested size: 224.36092pt x 168.27504pt.

<images/controller_issues/derivative_issues/exceed_redis.png, id=864, 401.5pt x
 301.125pt>
File: images/controller_issues/derivative_issues/exceed_redis.png Graphic file 
(type png)
 <use images/controller_issues/derivative_issues/exceed_redis.png>
Package pdftex.def Info: images/controller_issues/derivative_issues/exceed_redi
s.png used on input line 449.
(pdftex.def)             Requested size: 224.36092pt x 168.27504pt.

<images/controller_issues/derivative_issues/mongo_throughput.png, id=865, 401.5
pt x 301.125pt>
File: images/controller_issues/derivative_issues/mongo_throughput.png Graphic f
ile (type png)

<use images/controller_issues/derivative_issues/mongo_throughput.png>
Package pdftex.def Info: images/controller_issues/derivative_issues/mongo_throu
ghput.png used on input line 455.
(pdftex.def)             Requested size: 224.36092pt x 168.27504pt.

<images/controller_issues/derivative_issues/memory_ratio.png, id=866, 401.5pt x
 301.125pt>
File: images/controller_issues/derivative_issues/memory_ratio.png Graphic file 
(type png)
 <use images/controller_issues/derivative_issues/memory_ratio.png>
Package pdftex.def Info: images/controller_issues/derivative_issues/memory_rati
o.png used on input line 460.
(pdftex.def)             Requested size: 224.36092pt x 168.27504pt.

Underfull \hbox (badness 10000) in paragraph at lines 442--464
[]$[]$ $[]$
 []

[28] [29 <./images/controller_issues/derivative_issues/memory_usage_redis.png> 
<./images/controller_issues/derivative_issues/exceed_redis.png> <./images/contr
oller_issues/derivative_issues/mongo_throughput.png> <./images/controller_issue
s/derivative_issues/memory_ratio.png>] [30] [31] [32]
<images/mem_sol/sl=hl_mtp/memory_usage.png, id=939, 401.5pt x 301.125pt>
File: images/mem_sol/sl=hl_mtp/memory_usage.png Graphic file (type png)

<use images/mem_sol/sl=hl_mtp/memory_usage.png>
Package pdftex.def Info: images/mem_sol/sl=hl_mtp/memory_usage.png used on inpu
t line 675.
(pdftex.def)             Requested size: 160.59715pt x 120.44786pt.

Overfull \hbox (20.36891pt too wide) in paragraph at lines 675--676
[][] 
 []


Underfull \hbox (badness 2376) in paragraph at lines 676--676
[]\OT1/cmr/m/n/10/-25ls (a) |\OT1/cmr/m/n/9/-25ls Mem-ory us-age by Mon-godb
 []

<images/mem_sol/sl!=hl_mtp/memory_usage.png, id=940, 401.5pt x 301.125pt>
File: images/mem_sol/sl!=hl_mtp/memory_usage.png Graphic file (type png)

<use images/mem_sol/sl!=hl_mtp/memory_usage.png>
Package pdftex.def Info: images/mem_sol/sl!=hl_mtp/memory_usage.png used on inp
ut line 681.
(pdftex.def)             Requested size: 160.59715pt x 120.44786pt.

Overfull \hbox (20.36891pt too wide) in paragraph at lines 681--682
[][] 
 []


Underfull \hbox (badness 2165) in paragraph at lines 682--682
[]\OT1/cmr/m/n/10/-25ls (b) |\OT1/cmr/m/n/9/-25ls Mem-ory us-age by Mon-godb
 []

<images/mem_sol/memory_ratio_base.png, id=941, 401.5pt x 301.125pt>
File: images/mem_sol/memory_ratio_base.png Graphic file (type png)

<use images/mem_sol/memory_ratio_base.png>
Package pdftex.def Info: images/mem_sol/memory_ratio_base.png used on input lin
e 687.
(pdftex.def)             Requested size: 160.59715pt x 120.44786pt.

Overfull \hbox (20.36891pt too wide) in paragraph at lines 687--688
[][] 
 []

<images/mem_sol/mongo_before.png, id=942, 401.5pt x 301.125pt>
File: images/mem_sol/mongo_before.png Graphic file (type png)

<use images/mem_sol/mongo_before.png>
Package pdftex.def Info: images/mem_sol/mongo_before.png used on input line 693
.
(pdftex.def)             Requested size: 240.90184pt x 180.67638pt.

Overfull \hbox (7.19046pt too wide) in paragraph at lines 693--694
[][] 
 []

<images/mem_sol/mongo_after.png, id=943, 401.5pt x 301.125pt>
File: images/mem_sol/mongo_after.png Graphic file (type png)

<use images/mem_sol/mongo_after.png>
Package pdftex.def Info: images/mem_sol/mongo_after.png used on input line 699.

(pdftex.def)             Requested size: 240.90184pt x 180.67638pt.

Overfull \hbox (7.19046pt too wide) in paragraph at lines 699--700
[][] 
 []


Underfull \hbox (badness 1242) in paragraph at lines 674--704
[]$[]$   $[]$   $[]$
 []


Overfull \hbox (7.02626pt too wide) in paragraph at lines 674--704
[]$   $[]$
 []

[33 <./images/mem_sol/sl=hl_mtp/memory_usage.png> <./images/mem_sol/sl!=hl_mtp/
memory_usage.png> <./images/mem_sol/memory_ratio_base.png> <./images/mem_sol/mo
ngo_before.png> <./images/mem_sol/mongo_after.png>]
<images/mem_sol/gold/memory_usage.png, id=957, 401.5pt x 301.125pt>
File: images/mem_sol/gold/memory_usage.png Graphic file (type png)

<use images/mem_sol/gold/memory_usage.png>
Package pdftex.def Info: images/mem_sol/gold/memory_usage.png used on input lin
e 747.
(pdftex.def)             Requested size: 281.04808pt x 210.78606pt.
 [34]
<images/mem_sol/memory_ratio.png, id=966, 401.5pt x 301.125pt>
File: images/mem_sol/memory_ratio.png Graphic file (type png)

<use images/mem_sol/memory_ratio.png>
Package pdftex.def Info: images/mem_sol/memory_ratio.png used on input line 773
.
(pdftex.def)             Requested size: 281.04808pt x 210.78606pt.
) [35 <./images/mem_sol/gold/memory_usage.png> <./images/mem_sol/memory_ratio.p
ng>]
\openout2 = `5_double_decker/dd.aux'.

 (./5_double_decker/dd.tex
Chapter 5.
[36



] <images/correctness/exp_setup.png, id=980, 637.38126pt x 379.4175pt>
File: images/correctness/exp_setup.png Graphic file (type png)

<use images/correctness/exp_setup.png>
Package pdftex.def Info: images/correctness/exp_setup.png used on input line 40
.
(pdftex.def)             Requested size: 373.93962pt x 222.59807pt.
 [37 <./images/correctness/exp_setup.png>]
Missing character: There is no ‚ in font cmr10-25ls!
Missing character: There is no Ä in font cmr10-25ls!
Missing character: There is no ú in font cmr10-25ls!
Missing character: There is no ‚ in font cmr10-25ls!
Missing character: There is no Ä in font cmr10-25ls!
Missing character: There is no ù in font cmr10-25ls!
 [38]
<images/dd_hybrid_motivation/throughput.png, id=1009, 752.8125pt x 602.25pt>
File: images/dd_hybrid_motivation/throughput.png Graphic file (type png)

<use images/dd_hybrid_motivation/throughput.png>
Package pdftex.def Info: images/dd_hybrid_motivation/throughput.png used on inp
ut line 152.
(pdftex.def)             Requested size: 263.48831pt x 210.79065pt.

<images/dd_decentrailze_motivation/throughput.png, id=1011, 602.25pt x 376.4062
5pt>
File: images/dd_decentrailze_motivation/throughput.png Graphic file (type png)
 <use images/dd_decentrailze_motivation/throughput.png>
Package pdftex.def Info: images/dd_decentrailze_motivation/throughput.png used 
on input line 168.
(pdftex.def)             Requested size: 361.35278pt x 225.84547pt.
 [39 <./images/dd_hybrid_motivation/throughput.png>] [40 <./images/dd_decentrai
lze_motivation/throughput.png>]
</home/prashanth/Stage-2/Report/images/dd_design/architecture.png, id=1034, 173
3.47626pt x 1481.535pt>
File: /home/prashanth/Stage-2/Report/images/dd_design/architecture.png Graphic 
file (type png)

<use /home/prashanth/Stage-2/Report/images/dd_design/architecture.png>
Package pdftex.def Info: /home/prashanth/Stage-2/Report/images/dd_design/archit
ecture.png used on input line 215.
(pdftex.def)             Requested size: 450.6932pt x 385.19002pt.
 [41 </home/prashanth/Stage-2/Report/images/dd_design/architecture.png>]
</home/prashanth/Stage-2/Report/images/dd_design/movement.png, id=1041, 1217.54
875pt x 779.91376pt>
File: /home/prashanth/Stage-2/Report/images/dd_design/movement.png Graphic file
 (type png)

<use /home/prashanth/Stage-2/Report/images/dd_design/movement.png>
Package pdftex.def Info: /home/prashanth/Stage-2/Report/images/dd_design/moveme
nt.png used on input line 260.
(pdftex.def)             Requested size: 350.56706pt x 224.55072pt.

</home/prashanth/Stage-2/Report/images/dd_design/implementation.png, id=1044, 8
57.2025pt x 803.0pt>
File: /home/prashanth/Stage-2/Report/images/dd_design/implementation.png Graphi
c file (type png)

<use /home/prashanth/Stage-2/Report/images/dd_design/implementation.png>
Package pdftex.def Info: /home/prashanth/Stage-2/Report/images/dd_design/implem
entation.png used on input line 286.
(pdftex.def)             Requested size: 350.56706pt x 328.39894pt.

[42] [43 </home/prashanth/Stage-2/Report/images/dd_design/movement.png>]
[44 </home/prashanth/Stage-2/Report/images/dd_design/implementation.png>]
[45] [46]
Package epstopdf Info: Source file: <images/dd_hybrid_eval/webserver.eps>
(epstopdf)                    date: 2017-06-29 02:05:51
(epstopdf)                    size: 20471 bytes
(epstopdf)             Output file: <images/dd_hybrid_eval/webserver-eps-conver
ted-to.pdf>
(epstopdf)                    date: 2017-06-29 02:05:51
(epstopdf)                    size: 7296 bytes
(epstopdf)             Command: <epstopdf --outfile=images/dd_hybrid_eval/webse
rver-eps-converted-to.pdf images/dd_hybrid_eval/webserver.eps>
(epstopdf)             \includegraphics on input line 469.
Package epstopdf Info: Output file is already uptodate.

<images/dd_hybrid_eval/webserver-eps-converted-to.pdf, id=1100, 361.35pt x 252.
945pt>
File: images/dd_hybrid_eval/webserver-eps-converted-to.pdf Graphic file (type p
df)
 <use images/dd_hybrid_eval/webserver-eps-converted-to.pdf>
Package pdftex.def Info: images/dd_hybrid_eval/webserver-eps-converted-to.pdf u
sed on input line 469.
(pdftex.def)             Requested size: 229.03972pt x 160.32881pt.

<images/dd_hybrid_eval/throughput.png, id=1101, 602.25pt x 451.6875pt>
File: images/dd_hybrid_eval/throughput.png Graphic file (type png)

<use images/dd_hybrid_eval/throughput.png>
Package pdftex.def Info: images/dd_hybrid_eval/throughput.png used on input lin
e 476.
(pdftex.def)             Requested size: 224.36092pt x 168.27275pt.
 [47 <./images/dd_hybrid_eval/webserver-eps-converted-to.pdf> <./images/dd_hybr
id_eval/throughput.png>] [48]
Package epstopdf Info: Source file: <images/dd_sdc_plot/sdc_dd.eps>
(epstopdf)                    date: 2017-06-29 02:05:45
(epstopdf)                    size: 23142 bytes
(epstopdf)             Output file: <images/dd_sdc_plot/sdc_dd-eps-converted-to
.pdf>
(epstopdf)                    date: 2017-06-29 02:05:45
(epstopdf)                    size: 8087 bytes
(epstopdf)             Command: <epstopdf --outfile=images/dd_sdc_plot/sdc_dd-e
ps-converted-to.pdf images/dd_sdc_plot/sdc_dd.eps>
(epstopdf)             \includegraphics on input line 548.
Package epstopdf Info: Output file is already uptodate.

<images/dd_sdc_plot/sdc_dd-eps-converted-to.pdf, id=1132, 361.35pt x 252.945pt>
File: images/dd_sdc_plot/sdc_dd-eps-converted-to.pdf Graphic file (type pdf)
<use images/dd_sdc_plot/sdc_dd-eps-converted-to.pdf>
Package pdftex.def Info: images/dd_sdc_plot/sdc_dd-eps-converted-to.pdf used on
 input line 548.
(pdftex.def)             Requested size: 361.34912pt x 252.94438pt.
) [49 <./images/dd_sdc_plot/sdc_dd-eps-converted-to.pdf>]
\openout2 = `6_conclusions/conclusions.aux'.

 (./6_conclusions/conclusions.tex
Chapter 6.
[50



]) [51]
\openout2 = `7_future_work/future_work.aux'.

 (./7_future_work/future_work.tex
Chapter 7.
) [52



] (./mtp_report.bbl
Underfull \hbox (badness 1325) in paragraph at lines 9--12
[]\OT1/cmr/m/n/10.95/-25ls ``Getting your hands dirty with con-tain-ers.''  [][
]$\OT1/cmtt/m/n/10.95/-25ls https : / / www . cse . iitb . ac . in / []prashant
h /
 []

[53


] [54]) [55]
Appendix A.
Package atveryend Info: Empty hook `BeforeClearDocument' on input line 176.
[56

]
Package atveryend Info: Empty hook `AfterLastShipout' on input line 176.
 (./mtp_report.aux (./1_intro/introduction.aux)
(./2_background/background.aux) (./3_related_work/related_work.aux)
(./4_controller/controller.aux) (./5_double_decker/dd.aux)
(./6_conclusions/conclusions.aux) (./7_future_work/future_work.aux))
Package atveryend Info: Executing hook `AtVeryEndDocument' on input line 176.
Package atveryend Info: Executing hook `AtEndAfterFileList' on input line 176.
Package rerunfilecheck Info: File `mtp_report.out' has not changed.
(rerunfilecheck)             Checksum: 93D66CD5EBD50E3707736C045E761BF9;5603.
Package atveryend Info: Empty hook `AtVeryVeryEnd' on input line 176.
 ) 
Here is how much of TeX's memory you used:
 12592 strings out of 495028
 199905 string characters out of 6181498
 328743 words of memory out of 5000000
 14766 multiletter control sequences out of 15000+600000
 42960 words of font info for 292 fonts, out of 8000000 for 9000
 14 hyphenation exceptions out of 8191
 53i,18n,92p,707b,633s stack positions out of 5000i,500n,10000p,200000b,80000s
</usr/share/texlive/texmf-dist/fonts/type1/public/amsfonts/cm/cmbx10.pfb></us
r/share/texlive/texmf-dist/fonts/type1/public/amsfonts/cm/cmbx12.pfb></usr/shar
e/texlive/texmf-dist/fonts/type1/public/amsfonts/cm/cmex10.pfb></usr/share/texl
ive/texmf-dist/fonts/type1/public/amsfonts/cm/cmmi10.pfb></usr/share/texlive/te
xmf-dist/fonts/type1/public/amsfonts/cm/cmmi6.pfb></usr/share/texlive/texmf-dis
t/fonts/type1/public/amsfonts/cm/cmmi7.pfb></usr/share/texlive/texmf-dist/fonts
/type1/public/amsfonts/cm/cmr10.pfb></usr/share/texlive/texmf-dist/fonts/type1/
public/amsfonts/cm/cmr12.pfb></usr/share/texlive/texmf-dist/fonts/type1/public/
amsfonts/cm/cmr7.pfb></usr/share/texlive/texmf-dist/fonts/type1/public/amsfonts
/cm/cmr8.pfb></usr/share/texlive/texmf-dist/fonts/type1/public/amsfonts/cm/cmr9
.pfb></usr/share/texlive/texmf-dist/fonts/type1/public/amsfonts/cm/cmsy10.pfb><
/usr/share/texlive/texmf-dist/fonts/type1/public/amsfonts/cm/cmti10.pfb></usr/s
hare/texlive/texmf-dist/fonts/type1/public/amsfonts/cm/cmti9.pfb></usr/share/te
xlive/texmf-dist/fonts/type1/public/amsfonts/cm/cmtt10.pfb>
Output written on mtp_report.pdf (65 pages, 2047257 bytes).
PDF statistics:
 1333 PDF objects out of 1440 (max. 8388607)
 1168 compressed objects within 12 object streams
 412 named destinations out of 1000 (max. 500000)
 50976 words of extra memory for PDF output out of 51595 (max. 10000000)

